[21:04:45] ⚠️ Weather check failed: 'wind'
[21:05:05] 📄 Auto Log Update: 1 alerts recorded.
[21:05:25] 📄 Auto Log Update: 2 alerts recorded.
[21:05:45] 📄 Auto Log Update: 3 alerts recorded.
[21:05:45] ⚠️ Weather check failed: 'wind'
[21:06:05] 📄 Auto Log Update: 5 alerts recorded.
[21:06:25] 📄 Auto Log Update: 6 alerts recorded.
[21:06:45] 📄 Auto Log Update: 7 alerts recorded.
[21:06:45] ⚠️ Weather check failed: 'wind'
[21:07:05] 📄 Auto Log Update: 9 alerts recorded.
[21:07:25] 📄 Auto Log Update: 10 alerts recorded.
[21:07:45] 📄 Auto Log Update: 11 alerts recorded.
[21:07:45] ⚠️ Weather check failed: 'wind'
[21:08:05] 📄 Auto Log Update: 13 alerts recorded.
[21:08:25] 📄 Auto Log Update: 14 alerts recorded.
[21:08:45] 📄 Auto Log Update: 15 alerts recorded.
[21:08:45] ⚠️ Weather check failed: 'wind'
[21:09:05] 📄 Auto Log Update: 17 alerts recorded.
[21:09:25] 📄 Auto Log Update: 18 alerts recorded.
[21:09:45] 📄 Auto Log Update: 19 alerts recorded.
[21:09:45] ⚠️ Weather check failed: 'wind'
[21:10:05] 📄 Auto Log Update: 21 alerts recorded.
[21:10:25] 📄 Auto Log Update: 22 alerts recorded.
[21:10:45] 📄 Auto Log Update: 23 alerts recorded.
[21:10:46] ⚠️ Weather check failed: 'wind'
[21:11:05] 📄 Auto Log Update: 25 alerts recorded.
[21:11:25] 📄 Auto Log Update: 26 alerts recorded.
[21:13:42] ⚠️ Weather check failed: 'wind'
[21:14:02] 📄 Auto Log Update: 1 alerts recorded.
[21:14:22] 📄 Auto Log Update: 2 alerts recorded.
[21:14:42] 📄 Auto Log Update: 3 alerts recorded.
[21:14:42] ⚠️ Weather check failed: 'wind'
[21:15:02] 📄 Auto Log Update: 5 alerts recorded.
[21:15:22] 📄 Auto Log Update: 6 alerts recorded.
[21:15:42] 📄 Auto Log Update: 7 alerts recorded.
[21:15:42] ⚠️ Weather check failed: 'wind'
[21:16:02] 📄 Auto Log Update: 9 alerts recorded.
[21:16:22] 📄 Auto Log Update: 10 alerts recorded.
[21:16:42] 📄 Auto Log Update: 11 alerts recorded.
[21:16:42] ⚠️ Weather check failed: 'wind'
[21:17:02] 📄 Auto Log Update: 13 alerts recorded.
[21:17:22] 📄 Auto Log Update: 14 alerts recorded.
[21:17:42] 📄 Auto Log Update: 15 alerts recorded.
[21:17:42] ⚠️ Weather check failed: 'wind'
[21:18:02] 📄 Auto Log Update: 17 alerts recorded.
[21:18:22] 📄 Auto Log Update: 18 alerts recorded.
[21:18:22] ❌ Network Lost! Switching to Offline Mode.
[21:18:22] 🚨 SOS Triggered Automatically due to Network Loss.
[21:18:42] 📄 Auto Log Update: 21 alerts recorded.
[21:18:42] ⚠️ Offline Mode: Last alert -> [21:18:22] 🚨 SOS Triggered Automatically due to Network Loss.
[21:19:40] ✅ Network Restored.
[21:20:00] 📄 Auto Log Update: 24 alerts recorded.
[21:20:20] 📄 Auto Log Update: 25 alerts recorded.
[21:20:40] 📄 Auto Log Update: 26 alerts recorded.
[21:20:40] ⚠️ Weather check failed: 'wind'
[21:21:00] 📄 Auto Log Update: 28 alerts recorded.
[21:21:20] 📄 Auto Log Update: 29 alerts recorded.
[21:21:40] 📄 Auto Log Update: 30 alerts recorded.
[21:21:40] ⚠️ Weather check failed: 'wind'
[00:54:38] 📄 Auto Log Update: 0 alerts recorded.
[00:54:58] 📄 Auto Log Update: 1 alerts recorded.
[00:55:18] 📄 Auto Log Update: 2 alerts recorded.
[00:55:38] 📄 Auto Log Update: 3 alerts recorded.
[00:55:58] 📄 Auto Log Update: 4 alerts recorded.
[00:56:18] 📄 Auto Log Update: 5 alerts recorded.
[00:56:40] [INFO] Manual Check: Network Available at 00:56:40
[00:56:41] [INFO] Manual Check: Network Available at 00:56:41
[00:56:42] [INFO] Manual Check: Network Available at 00:56:42
[00:56:43] [INFO] Manual Check: Network Available at 00:56:43
[00:56:43] [INFO] Manual Check: Network Available at 00:56:43
[00:56:44] [INFO] Manual Check: Network Available at 00:56:44
[00:56:45] [INFO] Manual Check: Network Available at 00:56:45
[00:56:57] 📄 Auto Log Update: 7 alerts recorded.
[00:57:17] 📄 Auto Log Update: 8 alerts recorded.
[00:57:37] 📄 Auto Log Update: 9 alerts recorded.
[00:57:57] 📄 Auto Log Update: 10 alerts recorded.
[00:58:17] 📄 Auto Log Update: 11 alerts recorded.
[00:58:37] 📄 Auto Log Update: 12 alerts recorded.
[00:58:57] 📄 Auto Log Update: 13 alerts recorded.
[01:02:28] [INFO] Manual Check: Network Available at 01:02:28
[01:02:29] [INFO] Manual Check: Network Available at 01:02:29
[01:02:30] [INFO] Manual Check: Network Available at 01:02:30
[01:02:46] 📄 Auto Log Update: 3 alerts recorded.
[01:03:27] 📄 Auto Log Update: 0 alerts recorded.
[01:03:47] 📄 Auto Log Update: 1 alerts recorded.
[01:04:07] 📄 Auto Log Update: 2 alerts recorded.
[01:04:27] 📄 Auto Log Update: 3 alerts recorded.
[01:04:47] 📄 Auto Log Update: 4 alerts recorded.
[01:04:48] [INFO] Manual Check: Network Available at 01:04:48
[01:04:49] [INFO] Manual Check: Network Available at 01:04:49
[01:04:50] [INFO] Manual Check: Network Available at 01:04:50
[01:05:07] 📄 Auto Log Update: 8 alerts recorded.
[01:05:27] 📄 Auto Log Update: 9 alerts recorded.
[01:05:47] 📄 Auto Log Update: 10 alerts recorded.
[01:06:07] 📄 Auto Log Update: 11 alerts recorded.
[01:06:27] 📄 Auto Log Update: 12 alerts recorded.
[01:06:47] 📄 Auto Log Update: 13 alerts recorded.
[01:07:19] ⚠️ Simulated Disaster Alert: Tsunami warning issued!
[01:07:24] 📄 Auto Log Update: 1 alerts recorded.
[01:07:28] [INFO] Manual Check: Network Available at 01:07:28
[01:07:29] [INFO] Manual Check: Network Available at 01:07:29
[01:07:34] ⚠️ Simulated Disaster Alert: Earthquake warning issued!
[01:07:38] ❌ Network Lost! Switching to Offline Mode.
[01:07:38] 🚨 SOS Triggered Automatically due to Network Loss.
[01:07:44] 📄 Auto Log Update: 7 alerts recorded.
[01:07:49] ⚠️ Simulated Disaster Alert: Earthquake warning issued!
[01:08:04] 📄 Auto Log Update: 9 alerts recorded.
[01:08:04] ⚠️ Simulated Disaster Alert: Earthquake warning issued!
[01:08:04] ⚠️ Offline Mode: Last alert -> [01:08:04] ⚠️ Simulated Disaster Alert: Earthquake warning issued!
[01:08:19] ⚠️ Simulated Disaster Alert: Cyclone warning issued!
[01:08:24] 📄 Auto Log Update: 13 alerts recorded.
[01:08:28] ✅ Network Restored.
[01:08:30] [INFO] Manual Check: Network Available at 01:08:30
[01:08:34] ⚠️ Simulated Disaster Alert: Earthquake warning issued!
[01:08:44] 📄 Auto Log Update: 17 alerts recorded.
[01:08:49] ⚠️ Simulated Disaster Alert: Tsunami warning issued!
[01:09:04] 📄 Auto Log Update: 19 alerts recorded.
[01:09:04] ⚠️ Simulated Disaster Alert: Storm warning issued!
[01:09:19] ⚠️ Simulated Disaster Alert: Cyclone warning issued!
[01:09:24] 📄 Auto Log Update: 22 alerts recorded.
[01:09:34] ❌ Network Lost! Switching to Offline Mode.
[01:09:34] 🚨 SOS Triggered Automatically due to Network Loss.
[01:09:34] ⚠️ Simulated Disaster Alert: Earthquake warning issued!
[01:09:44] 📄 Auto Log Update: 26 alerts recorded.
[01:09:51] ⚠️ Simulated Disaster Alert: Tsunami warning issued!
[10:04:15] ⚠️ Offline Mode: Last alert -> [01:09:51] ⚠️ Simulated Disaster Alert: Tsunami warning issued!
[10:04:15] ❌ Network Lost! Switching to Offline Mode.
[10:04:15] 🚨 SOS Triggered Automatically due to Network Loss.
[10:04:30] ⚠️ Simulated Disaster Alert: Cyclone warning issued!
[10:04:35] 📄 Auto Log Update: 4 alerts recorded.
[10:04:45] ⚠️ Simulated Disaster Alert: Flood warning issued!
[10:26:45] ⚠️ Simulated Disaster Alert: Storm warning issued!
[10:26:50] 📄 Auto Log Update: 1 alerts recorded.
[10:27:00] ⚠️ Simulated Disaster Alert: Earthquake warning issued!
[10:27:10] 📄 Auto Log Update: 3 alerts recorded.
[10:27:15] ⚠️ Simulated Disaster Alert: Flood warning issued!
[10:27:23] ❌ Network Lost! Switching to Offline Mode.
[10:27:23] 🚨 SOS Triggered Automatically due to Network Loss.
[10:27:30] 📄 Auto Log Update: 7 alerts recorded.
[10:27:30] ⚠️ Simulated Disaster Alert: Earthquake warning issued!
[10:27:36] ⚠️ Offline Mode: Last alert -> [10:27:30] ⚠️ Simulated Disaster Alert: Earthquake warning issued!
[10:27:45] ⚠️ Simulated Disaster Alert: Cyclone warning issued!
[10:27:50] 📄 Auto Log Update: 11 alerts recorded.
[10:27:54] [ALERT] Manual Check: Network Down at 10:27:54
[10:27:54] 🚨 SOS Triggered Automatically due to Network Loss.
[10:27:56] [ALERT] Manual Check: Network Down at 10:27:56
[10:27:56] 🚨 SOS Triggered Automatically due to Network Loss.
[10:28:00] ⚠️ Simulated Disaster Alert: Earthquake warning issued!
[10:28:10] 📄 Auto Log Update: 17 alerts recorded.
[10:28:11] [INFO] Manual Check: Network Available at 10:28:11
[10:28:12] [INFO] Manual Check: Network Available at 10:28:12
[10:28:13] ✅ Network Restored.
[10:28:15] ⚠️ Simulated Disaster Alert: Tsunami warning issued!
[07:30:08] ⚠️ Simulated Disaster Alert: Storm warning issued!
[07:30:13] 📄 Auto Log Update: 1 alerts recorded.
[07:30:19] [INFO] Manual Check: Network Available at 07:30:19
[07:30:23] ⚠️ Simulated Disaster Alert: Earthquake warning issued!
[07:30:25] ❌ Network Lost! Switching to Offline Mode.
[07:30:25] 🚨 SOS Triggered Automatically due to Network Loss.
[07:30:33] 📄 Auto Log Update: 6 alerts recorded.
[07:30:38] ⚠️ Simulated Disaster Alert: Storm warning issued!
[07:30:40] ✅ Network Restored.
[10:04:24] ⚠️ Simulated Disaster Alert: Flood warning issued!
[10:04:28] ❌ Network Lost! Switching to Offline Mode.
[10:04:28] 🚨 SOS Triggered Automatically due to Network Loss.
[10:04:29] 📄 Auto Log Update: 3 alerts recorded.
[10:04:37] [ALERT] Manual Check: Network Down at 10:04:37
[10:04:37] 🚨 SOS Triggered Automatically due to Network Loss.
[10:04:39] ⚠️ Simulated Disaster Alert: Cyclone warning issued!
[10:04:42] [ALERT] Manual Check: Network Down at 10:04:42
[10:04:42] 🚨 SOS Triggered Automatically due to Network Loss.
[10:22:59] ⚠️ Simulated Disaster Alert: Storm warning issued!
[10:23:04] 📄 Auto Log Update: 1 alerts recorded.
[10:23:15] ⚠️ Simulated Disaster Alert: Tsunami warning issued!
[10:27:03] ⚠️ Simulated Disaster Alert: Tsunami warning issued!
[10:27:08] 📄 Auto Log Update: 1 alerts recorded.
[10:27:18] ⚠️ Simulated Disaster Alert: Flood warning issued!
[10:27:41] [INFO] Manual Check: Network Available at 10:27:41
[10:27:44] ❌ Network Lost! Switching to Offline Mode.
[10:27:44] 🚨 SOS Triggered Automatically due to Network Loss.
[10:27:48] ⚠️ Offline Mode: Last alert -> [10:27:44] 🚨 SOS Triggered Automatically due to Network Loss.
[10:27:50] ⚠️ Simulated Disaster Alert: Cyclone warning issued!
[10:27:55] 📄 Auto Log Update: 8 alerts recorded.
[10:28:04] ✅ Network Restored.
[10:28:05] ⚠️ Simulated Disaster Alert: Storm warning issued!
[10:28:15] 📄 Auto Log Update: 11 alerts recorded.
[10:28:20] ⚠️ Simulated Disaster Alert: Earthquake warning issued!
[10:28:35] 📄 Auto Log Update: 13 alerts recorded.
[10:28:35] ⚠️ Simulated Disaster Alert: Flood warning issued!
[10:28:50] ⚠️ Simulated Disaster Alert: Tsunami warning issued!
[10:28:55] 📄 Auto Log Update: 15 alerts recorded.
[01:06:54] [INFO] Manual Check: Network Available at 01:06:54
[01:06:55] [INFO] Manual Check: Network Available at 01:06:55
[01:06:57] ⚠️ Simulated Disaster Alert: Flood warning issued!
[01:07:02] 📄 Auto Log Update: 3 alerts recorded.
[01:07:12] ⚠️ Simulated Disaster Alert: Earthquake warning issued!
[22:31:43] [INFO] Manual Check: Network Available at 22:31:43
[22:31:55] ⚠️ Simulated Disaster Alert: Flood warning issued!
[22:32:00] 📄 Auto Log Update: 2 alerts recorded.
[22:32:10] ⚠️ Simulated Disaster Alert: Cyclone warning issued!
[22:33:34] ⚠️ Simulated Disaster Alert: Tsunami warning issued!
[22:33:39] 📄 Auto Log Update: 5 alerts recorded.
[22:33:49] ⚠️ Simulated Disaster Alert: Tsunami warning issued!
[22:33:59] 📄 Auto Log Update: 7 alerts recorded.
[22:34:04] ⚠️ Simulated Disaster Alert: Flood warning issued!
[22:34:19] 📄 Auto Log Update: 9 alerts recorded.
[22:34:19] ⚠️ Simulated Disaster Alert: Cyclone warning issued!
[22:34:34] ⚠️ Simulated Disaster Alert: Flood warning issued!
